Loading db file '/home/mariagrazia.graziano/do/libnangate/NangateOpenCellLibrary_typical_ecsm.db'
Information: Propagating switching activity (low effort zero delay simulation). (PWR-6)
Warning: Design has unannotated primary inputs. (PWR-414)
Warning: Design has unannotated sequential cell outputs. (PWR-415)
 
****************************************
Report : power
        -analysis_effort low
Design : DLX_MEM_SIZE128_WORD_size32_NREG32
Version: F-2011.09-SP3
Date   : Wed Oct 20 10:54:23 2021
****************************************


Library(s) Used:

    NangateOpenCellLibrary (File: /home/mariagrazia.graziano/do/libnangate/NangateOpenCellLibrary_typical_ecsm.db)


Operating Conditions: typical   Library: NangateOpenCellLibrary
Wire Load Model Mode: top

Design        Wire Load Model            Library
------------------------------------------------
DLX_MEM_SIZE128_WORD_size32_NREG32
                       5K_hvratio_1_4    NangateOpenCellLibrary


Global Operating Voltage = 1.1  
Power-specific unit information :
    Voltage Units = 1V
    Capacitance Units = 1.000000ff
    Time Units = 1ns
    Dynamic Power Units = 1uW    (derived from V,C,T units)
    Leakage Power Units = 1nW


  Cell Internal Power  =   2.2501 mW   (79%)
  Net Switching Power  = 599.2377 uW   (21%)
                         ---------
Total Dynamic Power    =   2.8494 mW  (100%)

Cell Leakage Power     = 418.5587 uW


                 Internal         Switching           Leakage            Total
Power Group      Power            Power               Power              Power   (   %    )  Attrs
--------------------------------------------------------------------------------------------------
io_pad             0.0000            0.0000            0.0000            0.0000  (   0.00%)
memory             0.0000            0.0000            0.0000            0.0000  (   0.00%)
black_box          0.0000            0.0000            0.0000            0.0000  (   0.00%)
clock_network      0.0000            0.0000            0.0000            0.0000  (   0.00%)
register       1.7928e+03           42.9286        5.9587e+04        1.8953e+03  (  58.00%)
sequential       110.7371            2.2461        4.4028e+04          157.0109  (   4.80%)
combinational    346.6224          554.0656        3.1494e+05        1.2156e+03  (  37.20%)
--------------------------------------------------------------------------------------------------
Total          2.2501e+03 uW       599.2403 uW     4.1856e+05 nW     3.2679e+03 uW
1
