Information: Updating design information... (UID-85)
 
****************************************
Report : timing
        -path full
        -delay max
        -max_paths 1
Design : DLX_MEM_SIZE128_WORD_size32_NREG32
Version: F-2011.09-SP3
Date   : Wed Oct 20 11:59:35 2021
****************************************

Operating Conditions: typical   Library: NangateOpenCellLibrary
Wire Load Model Mode: top

  Startpoint: data_path/IR_reg_reg[27]
              (rising edge-triggered flip-flop clocked by CLK)
  Endpoint: data_path/PC_reg_reg[31]
            (rising edge-triggered flip-flop clocked by CLK)
  Path Group: CLK
  Path Type: max

  Des/Clust/Port     Wire Load Model       Library
  ------------------------------------------------
  DLX_MEM_SIZE128_WORD_size32_NREG32
                     5K_hvratio_1_4        NangateOpenCellLibrary

  Point                                                   Incr       Path
  --------------------------------------------------------------------------
  clock CLK (rise edge)                                   0.00       0.00
  clock network delay (ideal)                             0.00       0.00
  data_path/IR_reg_reg[27]/CK (DFFR_X2)                   0.00       0.00 r
  data_path/IR_reg_reg[27]/Q (DFFR_X2)                    0.14       0.14 r
  data_path/dec_stage/instr[27] (DEC)                     0.00       0.14 r
  data_path/dec_stage/decode_logic/instr[27] (dec_logic_WORD_size32_NREG32)
                                                          0.00       0.14 r
  data_path/dec_stage/decode_logic/U150/ZN (INV_X1)       0.04       0.18 f
  data_path/dec_stage/decode_logic/U129/ZN (NOR4_X1)      0.09       0.27 r
  data_path/dec_stage/decode_logic/U149/ZN (INV_X1)       0.04       0.32 f
  data_path/dec_stage/decode_logic/U148/ZN (OR2_X1)       0.11       0.43 f
  data_path/dec_stage/decode_logic/U52/ZN (NAND2_X1)      0.06       0.49 r
  data_path/dec_stage/decode_logic/U51/ZN (NOR2_X1)       0.03       0.52 f
  data_path/dec_stage/decode_logic/U68/ZN (AOI21_X1)      0.05       0.57 r
  data_path/dec_stage/decode_logic/U67/ZN (OAI21_X1)      0.04       0.61 f
  data_path/dec_stage/decode_logic/RD[2] (dec_logic_WORD_size32_NREG32)
                                                          0.00       0.61 f
  data_path/dec_stage/SDU/RD[2] (stall_detection_unit_op_code_size6_func_size11_PC_reg_size32_reg_file_size32)
                                                          0.00       0.61 f
  data_path/dec_stage/SDU/U250/ZN (INV_X1)                0.05       0.66 r
  data_path/dec_stage/SDU/U249/ZN (XNOR2_X1)              0.06       0.72 r
  data_path/dec_stage/SDU/U248/ZN (NOR2_X1)               0.03       0.74 f
  data_path/dec_stage/SDU/U246/ZN (NAND2_X1)              0.03       0.78 r
  data_path/dec_stage/SDU/U234/ZN (OAI33_X1)              0.04       0.82 f
  data_path/dec_stage/SDU/U216/ZN (OAI33_X1)              0.06       0.88 r
  data_path/dec_stage/SDU/U214/ZN (NAND2_X1)              0.05       0.93 f
  data_path/dec_stage/SDU/U51/ZN (OAI21_X1)               0.06       0.98 r
  data_path/dec_stage/SDU/U50/ZN (INV_X1)                 0.03       1.01 f
  data_path/dec_stage/SDU/U49/ZN (AOI21_X1)               0.06       1.07 r
  data_path/dec_stage/SDU/U48/Z (MUX2_X2)                 0.06       1.13 r
  data_path/dec_stage/SDU/U47/ZN (NOR2_X1)                0.03       1.16 f
  data_path/dec_stage/SDU/U11/Z (CLKBUF_X1)               0.19       1.35 f
  data_path/dec_stage/SDU/PC_sel (stall_detection_unit_op_code_size6_func_size11_PC_reg_size32_reg_file_size32)
                                                          0.00       1.35 f
  data_path/dec_stage/PC_sel (DEC)                        0.00       1.35 f
  data_path/fetch_stage/PC_sel (FETCH)                    0.00       1.35 f
  data_path/fetch_stage/MUX/SEL (MUX21_GENERIC_NBIT32_4)
                                                          0.00       1.35 f
  data_path/fetch_stage/MUX/U2/Z (CLKBUF_X1)              0.24       1.60 f
  data_path/fetch_stage/MUX/U1/Z (CLKBUF_X1)              0.21       1.81 f
  data_path/fetch_stage/MUX/MUXES_8/S (MUX21_522)         0.00       1.81 f
  data_path/fetch_stage/MUX/MUXES_8/U2/ZN (INV_X1)        0.08       1.89 r
  data_path/fetch_stage/MUX/MUXES_8/U3/ZN (AOI22_X1)      0.03       1.93 f
  data_path/fetch_stage/MUX/MUXES_8/U1/ZN (INV_X1)        0.05       1.97 r
  data_path/fetch_stage/MUX/MUXES_8/Y (MUX21_522)         0.00       1.97 r
  data_path/fetch_stage/MUX/Y[8] (MUX21_GENERIC_NBIT32_4)
                                                          0.00       1.97 r
  data_path/fetch_stage/add_37/A[8] (FETCH_DW01_add_0)
                                                          0.00       1.97 r
  data_path/fetch_stage/add_37/U81/ZN (NAND2_X1)          0.03       2.00 f
  data_path/fetch_stage/add_37/U19/ZN (INV_X1)            0.04       2.04 r
  data_path/fetch_stage/add_37/U80/ZN (NAND2_X1)          0.03       2.07 f
  data_path/fetch_stage/add_37/U20/ZN (INV_X1)            0.04       2.11 r
  data_path/fetch_stage/add_37/U79/ZN (NAND2_X1)          0.03       2.14 f
  data_path/fetch_stage/add_37/U21/ZN (INV_X1)            0.04       2.18 r
  data_path/fetch_stage/add_37/U78/ZN (NAND2_X1)          0.03       2.21 f
  data_path/fetch_stage/add_37/U22/ZN (INV_X1)            0.04       2.24 r
  data_path/fetch_stage/add_37/U77/ZN (NAND2_X1)          0.03       2.27 f
  data_path/fetch_stage/add_37/U6/ZN (INV_X1)             0.04       2.31 r
  data_path/fetch_stage/add_37/U76/ZN (NAND2_X1)          0.03       2.34 f
  data_path/fetch_stage/add_37/U7/ZN (INV_X1)             0.04       2.38 r
  data_path/fetch_stage/add_37/U75/ZN (NAND2_X1)          0.03       2.41 f
  data_path/fetch_stage/add_37/U8/ZN (INV_X1)             0.04       2.44 r
  data_path/fetch_stage/add_37/U74/ZN (NAND2_X1)          0.03       2.48 f
  data_path/fetch_stage/add_37/U9/ZN (INV_X1)             0.04       2.51 r
  data_path/fetch_stage/add_37/U73/ZN (NAND2_X1)          0.03       2.54 f
  data_path/fetch_stage/add_37/U10/ZN (INV_X1)            0.04       2.58 r
  data_path/fetch_stage/add_37/U72/ZN (NAND2_X1)          0.03       2.61 f
  data_path/fetch_stage/add_37/U11/ZN (INV_X1)            0.04       2.65 r
  data_path/fetch_stage/add_37/U71/ZN (NAND2_X1)          0.03       2.68 f
  data_path/fetch_stage/add_37/U12/ZN (INV_X1)            0.04       2.71 r
  data_path/fetch_stage/add_37/U70/ZN (NAND2_X1)          0.03       2.75 f
  data_path/fetch_stage/add_37/U23/ZN (INV_X1)            0.04       2.78 r
  data_path/fetch_stage/add_37/U69/ZN (NAND2_X1)          0.03       2.81 f
  data_path/fetch_stage/add_37/U13/ZN (INV_X1)            0.04       2.85 r
  data_path/fetch_stage/add_37/U68/ZN (NAND2_X1)          0.03       2.88 f
  data_path/fetch_stage/add_37/U14/ZN (INV_X1)            0.04       2.92 r
  data_path/fetch_stage/add_37/U67/ZN (NAND2_X1)          0.03       2.95 f
  data_path/fetch_stage/add_37/U24/ZN (INV_X1)            0.04       2.98 r
  data_path/fetch_stage/add_37/U66/ZN (NAND2_X1)          0.03       3.02 f
  data_path/fetch_stage/add_37/U25/ZN (INV_X1)            0.04       3.05 r
  data_path/fetch_stage/add_37/U65/ZN (NAND2_X1)          0.03       3.08 f
  data_path/fetch_stage/add_37/U15/ZN (INV_X1)            0.04       3.12 r
  data_path/fetch_stage/add_37/U64/ZN (NAND2_X1)          0.03       3.15 f
  data_path/fetch_stage/add_37/U3/ZN (INV_X1)             0.04       3.19 r
  data_path/fetch_stage/add_37/U63/ZN (NAND2_X1)          0.03       3.22 f
  data_path/fetch_stage/add_37/U16/ZN (INV_X1)            0.04       3.25 r
  data_path/fetch_stage/add_37/U62/ZN (NAND2_X1)          0.03       3.29 f
  data_path/fetch_stage/add_37/U4/ZN (INV_X1)             0.04       3.32 r
  data_path/fetch_stage/add_37/U61/ZN (NAND2_X1)          0.03       3.35 f
  data_path/fetch_stage/add_37/U17/ZN (INV_X1)            0.04       3.39 r
  data_path/fetch_stage/add_37/U60/ZN (NAND2_X1)          0.03       3.42 f
  data_path/fetch_stage/add_37/U5/ZN (INV_X1)             0.04       3.46 r
  data_path/fetch_stage/add_37/U59/ZN (NAND2_X1)          0.03       3.49 f
  data_path/fetch_stage/add_37/U36/ZN (INV_X1)            0.03       3.52 r
  data_path/fetch_stage/add_37/U58/Z (XOR2_X1)            0.07       3.59 r
  data_path/fetch_stage/add_37/SUM[31] (FETCH_DW01_add_0)
                                                          0.00       3.59 r
  data_path/fetch_stage/NPC[31] (FETCH)                   0.00       3.59 r
  data_path/MUX/A[31] (MUX21_GENERIC_NBIT32_0)            0.00       3.59 r
  data_path/MUX/MUXES_31/A (MUX21_563)                    0.00       3.59 r
  data_path/MUX/MUXES_31/U3/ZN (AOI22_X1)                 0.04       3.63 f
  data_path/MUX/MUXES_31/U1/ZN (INV_X1)                   0.03       3.66 r
  data_path/MUX/MUXES_31/Y (MUX21_563)                    0.00       3.66 r
  data_path/MUX/Y[31] (MUX21_GENERIC_NBIT32_0)            0.00       3.66 r
  data_path/PC_reg_reg[31]/D (DFFR_X2)                    0.01       3.67 r
  data arrival time                                                  3.67

  clock CLK (rise edge)                                   4.00       4.00
  clock network delay (ideal)                             0.00       4.00
  data_path/PC_reg_reg[31]/CK (DFFR_X2)                   0.00       4.00 r
  library setup time                                     -0.03       3.97
  data required time                                                 3.97
  --------------------------------------------------------------------------
  data required time                                                 3.97
  data arrival time                                                 -3.67
  --------------------------------------------------------------------------
  slack (MET)                                                        0.29


1
