Loading db file '/home/mariagrazia.graziano/do/libnangate/NangateOpenCellLibrary_typical_ecsm.db'
Information: Propagating switching activity (low effort zero delay simulation). (PWR-6)
Warning: Design has unannotated primary inputs. (PWR-414)
Warning: Design has unannotated sequential cell outputs. (PWR-415)
 
****************************************
Report : power
        -analysis_effort low
Design : DLX_MEM_SIZE128_WORD_size32_NREG32
Version: F-2011.09-SP3
Date   : Wed Oct 20 10:49:20 2021
****************************************


Library(s) Used:

    NangateOpenCellLibrary (File: /home/mariagrazia.graziano/do/libnangate/NangateOpenCellLibrary_typical_ecsm.db)


Operating Conditions: typical   Library: NangateOpenCellLibrary
Wire Load Model Mode: top

Design        Wire Load Model            Library
------------------------------------------------
DLX_MEM_SIZE128_WORD_size32_NREG32
                       5K_hvratio_1_4    NangateOpenCellLibrary


Global Operating Voltage = 1.1  
Power-specific unit information :
    Voltage Units = 1V
    Capacitance Units = 1.000000ff
    Time Units = 1ns
    Dynamic Power Units = 1uW    (derived from V,C,T units)
    Leakage Power Units = 1nW


  Cell Internal Power  =   1.9286 mW   (79%)
  Net Switching Power  = 513.1119 uW   (21%)
                         ---------
Total Dynamic Power    =   2.4417 mW  (100%)

Cell Leakage Power     = 418.0620 uW


                 Internal         Switching           Leakage            Total
Power Group      Power            Power               Power              Power   (   %    )  Attrs
--------------------------------------------------------------------------------------------------
io_pad             0.0000            0.0000            0.0000            0.0000  (   0.00%)
memory             0.0000            0.0000            0.0000            0.0000  (   0.00%)
black_box          0.0000            0.0000            0.0000            0.0000  (   0.00%)
clock_network      0.0000            0.0000            0.0000            0.0000  (   0.00%)
register       1.5367e+03           36.5896        5.9587e+04        1.6328e+03  (  57.10%)
sequential        94.9174            1.9252        4.4028e+04          140.8704  (   4.93%)
combinational    297.0302          474.6055        3.1445e+05        1.0861e+03  (  37.98%)
--------------------------------------------------------------------------------------------------
Total          1.9286e+03 uW       513.1203 uW     4.1806e+05 nW     2.8598e+03 uW
1
